TN:
SF:src/scanner/components/ContextBuilder.ts
FN:31,(anonymous_9)
FN:36,(anonymous_10)
FN:50,(anonymous_11)
FN:85,(anonymous_12)
FN:115,(anonymous_13)
FN:120,(anonymous_14)
FN:125,(anonymous_15)
FN:150,(anonymous_16)
FN:154,(anonymous_17)
FN:166,(anonymous_18)
FNF:10
FNH:10
FNDA:9,(anonymous_9)
FNDA:7,(anonymous_10)
FNDA:7,(anonymous_11)
FNDA:2,(anonymous_12)
FNDA:7,(anonymous_13)
FNDA:7,(anonymous_14)
FNDA:7,(anonymous_15)
FNDA:32,(anonymous_16)
FNDA:8,(anonymous_17)
FNDA:8,(anonymous_18)
DA:1,2
DA:2,2
DA:3,2
DA:4,2
DA:5,2
DA:30,2
DA:32,9
DA:33,9
DA:37,7
DA:38,7
DA:39,7
DA:40,7
DA:42,7
DA:51,7
DA:53,7
DA:54,7
DA:55,7
DA:56,3
DA:57,2
DA:68,5
DA:70,5
DA:71,5
DA:73,3
DA:74,3
DA:77,2
DA:80,0
DA:81,0
DA:86,2
DA:89,2
DA:90,2
DA:91,1
DA:95,2
DA:96,2
DA:97,1
DA:101,2
DA:102,2
DA:103,1
DA:107,2
DA:108,2
DA:109,1
DA:112,2
DA:116,7
DA:117,7
DA:121,7
DA:122,7
DA:126,7
DA:127,7
DA:134,7
DA:141,7
DA:143,7
DA:144,31
DA:150,32
DA:153,7
DA:155,8
DA:156,8
DA:157,4
DA:158,4
DA:160,4
DA:161,4
DA:166,8
DA:168,0
DA:169,0
LF:62
LH:58
BRDA:33,0,0,7
BRDA:63,1,0,1
BRDA:63,1,1,1
BRDA:64,2,0,1
BRDA:64,2,1,1
BRDA:90,3,0,1
BRDA:90,4,0,2
BRDA:90,4,1,1
BRDA:96,5,0,1
BRDA:96,6,0,2
BRDA:96,6,1,1
BRDA:102,7,0,1
BRDA:102,8,0,2
BRDA:102,8,1,1
BRDA:108,9,0,1
BRDA:108,10,0,2
BRDA:108,10,1,1
BRDA:127,11,0,7
BRDA:127,11,1,6
BRDA:134,12,0,7
BRDA:134,12,1,6
BRF:21
BRH:21
end_of_record
TN:
SF:src/scanner/components/FileSystemScanner.ts
FN:41,(anonymous_9)
FN:54,(anonymous_10)
FN:58,(anonymous_11)
FN:65,(anonymous_12)
FN:86,(anonymous_13)
FN:142,(anonymous_14)
FN:160,(anonymous_15)
FN:167,(anonymous_16)
FN:173,(anonymous_17)
FNF:9
FNH:9
FNDA:17,(anonymous_9)
FNDA:2,(anonymous_10)
FNDA:2,(anonymous_11)
FNDA:16,(anonymous_12)
FNDA:76,(anonymous_13)
FNDA:31,(anonymous_14)
FNDA:75,(anonymous_15)
FNDA:173,(anonymous_16)
FNDA:187,(anonymous_17)
DA:1,4
DA:3,4
DA:35,4
DA:37,17
DA:38,17
DA:42,17
DA:45,17
DA:46,17
DA:55,2
DA:59,2
DA:60,1
DA:62,1
DA:67,16
DA:68,16
DA:69,16
DA:70,16
DA:71,16
DA:74,16
DA:76,16
DA:77,16
DA:78,15
DA:79,15
DA:81,1
DA:82,1
DA:87,76
DA:88,75
DA:89,75
DA:92,75
DA:93,75
DA:94,0
DA:97,75
DA:108,75
DA:110,46
DA:111,46
DA:115,46
DA:116,3
DA:119,43
DA:120,43
DA:121,41
DA:124,41
DA:125,67
DA:126,67
DA:128,67
DA:129,60
DA:130,60
DA:131,60
DA:133,0
DA:134,0
DA:136,0
DA:142,41
DA:144,2
DA:145,2
DA:146,2
DA:148,29
DA:149,29
DA:150,29
DA:152,29
DA:153,29
DA:154,29
DA:157,72
DA:161,75
DA:162,46
DA:163,0
DA:164,0
DA:168,173
DA:170,158
DA:171,158
DA:173,158
DA:175,187
DA:181,187
DA:182,187
LF:71
LH:65
BRDA:43,0,0,17
BRDA:59,1,0,1
BRDA:81,2,0,1
BRDA:81,2,1,0
BRDA:93,3,0,0
BRDA:93,4,0,75
BRDA:93,4,1,60
BRDA:108,5,0,46
BRDA:108,5,1,29
BRDA:110,6,0,46
BRDA:115,7,0,3
BRDA:115,8,0,46
BRDA:115,8,1,4
BRDA:128,9,0,60
BRDA:133,10,0,0
BRDA:133,11,0,0
BRDA:133,11,1,0
BRDA:144,12,0,2
BRDA:144,12,1,0
BRDA:148,13,0,29
BRDA:153,14,0,29
BRDA:153,14,1,18
BRDA:161,15,0,29
BRDA:162,16,0,46
BRDA:163,17,0,0
BRDA:168,18,0,15
BRDA:170,19,0,158
BRDA:170,19,1,158
BRDA:171,20,0,0
BRF:29
BRH:21
end_of_record
TN:
SF:src/scanner/components/RegistryUpdater.ts
FN:29,(anonymous_9)
FN:36,(anonymous_10)
FN:60,(anonymous_11)
FN:62,(anonymous_12)
FN:65,(anonymous_13)
FN:83,(anonymous_14)
FN:98,(anonymous_15)
FN:123,(anonymous_16)
FN:140,(anonymous_17)
FN:182,(anonymous_18)
FNF:10
FNH:10
FNDA:8,(anonymous_9)
FNDA:6,(anonymous_10)
FNDA:7,(anonymous_11)
FNDA:5,(anonymous_12)
FNDA:5,(anonymous_13)
FNDA:8,(anonymous_14)
FNDA:6,(anonymous_15)
FNDA:4,(anonymous_16)
FNDA:6,(anonymous_17)
FNDA:5,(anonymous_18)
DA:1,2
DA:2,2
DA:3,2
DA:26,2
DA:30,8
DA:31,8
DA:33,8
DA:37,6
DA:39,6
DA:42,6
DA:45,6
DA:48,6
DA:51,5
DA:53,5
DA:55,1
DA:56,1
DA:61,7
DA:62,7
DA:66,5
DA:68,5
DA:85,8
DA:90,8
DA:95,8
DA:99,6
DA:115,6
DA:116,4
DA:123,4
DA:124,4
DA:125,4
DA:130,4
DA:134,6
DA:135,6
DA:137,6
DA:141,6
DA:143,6
DA:144,4
DA:161,2
DA:179,6
DA:184,5
DA:193,5
LF:40
LH:40
BRDA:115,0,0,4
BRDA:126,1,0,4
BRDA:126,1,1,1
BRDA:126,2,0,4
BRDA:126,2,1,1
BRDA:126,3,0,4
BRDA:126,3,1,1
BRDA:143,4,0,4
BRDA:143,4,1,2
BRF:9
BRH:9
end_of_record
TN:
SF:src/scanner/components/TaskManager.ts
FN:4,(anonymous_9)
FN:7,(anonymous_10)
FN:38,(anonymous_11)
FN:42,(anonymous_12)
FN:46,(anonymous_13)
FN:63,(anonymous_14)
FN:81,(anonymous_15)
FN:102,(anonymous_16)
FN:111,(anonymous_17)
FN:113,(anonymous_18)
FN:123,(anonymous_19)
FN:125,(anonymous_20)
FN:135,(anonymous_21)
FN:136,(anonymous_22)
FNF:14
FNH:14
FNDA:9,(anonymous_9)
FNDA:8,(anonymous_10)
FNDA:3,(anonymous_11)
FNDA:3,(anonymous_12)
FNDA:2,(anonymous_13)
FNDA:3,(anonymous_14)
FNDA:3,(anonymous_15)
FNDA:1,(anonymous_16)
FNDA:2,(anonymous_17)
FNDA:1,(anonymous_18)
FNDA:2,(anonymous_19)
FNDA:1,(anonymous_20)
FNDA:2,(anonymous_21)
FNDA:2,(anonymous_22)
DA:1,1
DA:2,1
DA:4,1
DA:5,9
DA:16,8
DA:17,8
DA:19,8
DA:34,8
DA:35,8
DA:39,3
DA:43,3
DA:47,2
DA:48,2
DA:49,0
DA:53,2
DA:55,2
DA:60,2
DA:64,3
DA:65,3
DA:66,1
DA:69,2
DA:70,2
DA:77,2
DA:78,2
DA:82,3
DA:83,3
DA:84,1
DA:87,2
DA:88,2
DA:97,2
DA:98,2
DA:99,2
DA:103,1
DA:106,1
DA:107,1
DA:108,1
DA:110,1
DA:111,2
DA:113,1
DA:114,1
DA:118,1
DA:119,1
DA:120,1
DA:122,1
DA:123,2
DA:125,1
DA:126,1
DA:127,1
DA:131,1
DA:132,1
DA:133,1
DA:135,1
DA:136,2
DA:137,2
DA:138,1
DA:143,1
LF:56
LH:55
BRDA:21,0,0,8
BRDA:21,0,1,7
BRDA:25,1,0,8
BRDA:25,1,1,7
BRDA:26,2,0,8
BRDA:26,2,1,7
BRDA:27,3,0,8
BRDA:27,3,1,7
BRDA:48,4,0,0
BRDA:65,5,0,1
BRDA:69,6,0,2
BRDA:69,6,1,0
BRDA:83,7,0,1
BRDA:87,8,0,2
BRDA:87,8,1,0
BRDA:99,9,0,2
BRDA:99,9,1,0
BRDA:114,10,0,1
BRDA:114,10,1,0
BRDA:114,11,0,1
BRDA:114,11,1,0
BRDA:126,12,0,1
BRDA:126,12,1,0
BRDA:126,12,2,0
BRDA:127,13,0,1
BRDA:127,13,1,0
BRDA:127,14,0,1
BRDA:127,14,1,1
BRDA:137,15,0,1
BRDA:137,16,0,2
BRDA:137,16,1,1
BRDA:138,17,0,1
BRDA:138,17,1,1
BRDA:138,18,0,1
BRDA:138,18,1,0
BRF:35
BRH:25
end_of_record
TN:
SF:src/scanner/components/TaskScanner.ts
FN:62,(anonymous_9)
FN:66,(anonymous_10)
FN:111,(anonymous_11)
FN:134,(anonymous_12)
FN:218,(anonymous_13)
FN:228,(anonymous_14)
FN:233,(anonymous_15)
FN:235,(anonymous_16)
FN:239,(anonymous_17)
FNF:9
FNH:9
FNDA:19,(anonymous_9)
FNDA:18,(anonymous_10)
FNDA:18,(anonymous_11)
FNDA:11,(anonymous_12)
FNDA:11,(anonymous_13)
FNDA:27,(anonymous_14)
FNDA:27,(anonymous_15)
FNDA:16,(anonymous_16)
FNDA:11,(anonymous_17)
DA:1,4
DA:3,4
DA:45,4
DA:46,4
DA:55,4
DA:56,4
DA:57,4
DA:58,4
DA:62,19
DA:63,19
DA:67,18
DA:68,18
DA:75,18
DA:76,18
DA:78,18
DA:79,11
DA:80,11
DA:81,11
DA:83,11
DA:84,11
DA:86,11
DA:87,11
DA:89,11
DA:90,5
DA:91,5
DA:94,11
DA:95,16
DA:96,16
DA:100,0
DA:104,18
DA:106,0
DA:107,0
DA:112,18
DA:119,18
DA:120,18
DA:122,18
DA:123,18
DA:124,18
DA:125,10
DA:127,8
DA:131,18
DA:135,11
DA:136,11
DA:137,10
DA:138,10
DA:140,10
DA:141,10
DA:142,10
DA:143,10
DA:145,10
DA:146,55
DA:147,55
DA:149,55
DA:150,11
DA:151,3
DA:152,3
DA:153,3
DA:156,11
DA:157,11
DA:158,11
DA:160,11
DA:161,11
DA:162,0
DA:165,11
DA:166,11
DA:167,11
DA:169,11
DA:185,44
DA:186,16
DA:187,16
DA:189,16
DA:190,16
DA:191,5
DA:193,16
DA:194,16
DA:195,6
DA:197,28
DA:198,8
DA:199,8
DA:200,8
DA:201,8
DA:205,10
DA:206,0
DA:207,0
DA:208,0
DA:211,10
DA:213,1
DA:214,1
DA:219,11
DA:220,11
DA:222,5
DA:223,5
DA:229,27
DA:230,27
DA:234,27
DA:235,16
DA:240,11
DA:241,11
LF:98
LH:91
BRDA:62,0,0,18
BRDA:63,1,0,19
BRDA:63,1,1,18
BRDA:86,2,0,11
BRDA:86,2,1,8
BRDA:89,3,0,5
BRDA:90,4,0,5
BRDA:90,4,1,5
BRDA:95,5,0,16
BRDA:95,5,1,16
BRDA:119,6,0,18
BRDA:119,6,1,17
BRDA:124,7,0,18
BRDA:124,7,1,0
BRDA:149,8,0,11
BRDA:149,8,1,44
BRDA:150,9,0,3
BRDA:158,10,0,11
BRDA:158,10,1,11
BRDA:161,11,0,0
BRDA:185,12,0,16
BRDA:185,12,1,28
BRDA:185,13,0,44
BRDA:185,13,1,24
BRDA:190,14,0,5
BRDA:194,15,0,6
BRDA:197,16,0,8
BRDA:205,17,0,0
BRDA:220,18,0,6
BRDA:223,19,0,5
BRDA:223,19,1,0
BRDA:224,20,0,0
BRDA:224,20,1,0
BRDA:225,21,0,0
BRDA:225,21,1,0
BRDA:230,22,0,5
BRDA:230,22,1,22
BRF:37
BRH:29
end_of_record
TN:
SF:src/scanner/components/interfaces/Task.ts
FN:43,(anonymous_0)
FNF:1
FNH:1
FNDA:1,(anonymous_0)
DA:43,1
DA:44,1
DA:45,1
DA:46,1
DA:47,1
DA:48,1
LF:6
LH:6
BRDA:43,0,0,1
BRDA:43,0,1,1
BRF:2
BRH:2
end_of_record
